<?xml version="1.0" encoding="UTF-8"?>
<testsuite xmlns:xsi="http://www.w3.org/2001/XMLSchema-instance" xsi:noNamespaceSchemaLocation="https://maven.apache.org/surefire/maven-surefire-plugin/xsd/surefire-test-report-3.0.xsd" version="3.0" name="com.testautomationdevelopment.RandomApp.RunCucumberTest" time="9.447" tests="1" errors="0" skipped="0" failures="0">
  <properties>
[...]
</properties>
  <testcase name="User should enter any random word to search information" classname="Google search engine" time="9.071">
    <system-out><![CDATA[
Scenario: User should enter any random word to search information &amp#27;[90m# com/testautomationdevelopment/RandomApp/Google.feature:2&amp#27;[0m
  &amp#27;[32mGiven &amp#27;[0m&amp#27;[32mnavigate to the website&amp#27;[0m                                   &amp#27;[90m# com.testautomationdevelopment.RandomApp.StepDefinitions.openingScenario()&amp#27;[0m
  &amp#27;[32mAnd &amp#27;[0m&amp#27;[32mtype any random word in the text field&amp#27;[0m                      &amp#27;[90m# com.testautomationdevelopment.RandomApp.StepDefinitions.middleScenario()&amp#27;[0m
  &amp#27;[32mAnd &amp#27;[0m&amp#27;[32mclick the search button&amp#27;[0m                                     &amp#27;[90m# com.testautomationdevelopment.RandomApp.StepDefinitions.endingScenario()&amp#27;[0m
  &amp#27;[32mThen &amp#27;[0m&amp#27;[32mclose the browser&amp#27;[0m                                          &amp#27;[90m# com.testautomationdevelopment.RandomApp.StepDefinitions.closingScenario()&amp#27;[0m
]]></system-out>
    <system-err><![CDATA[Jun 21, 2024 11:12:04 AM org.openqa.selenium.devtools.CdpVersionFinder findNearestMatch
WARNING: Unable to find an exact match for CDP version 126, returning the closest version; found: 125; Please update to a Selenium version that supports CDP version 126
Jun 21, 2024 11:12:07 AM org.openqa.selenium.remote.http.WebSocket$Listener onError
WARNING: Connection reset
java.net.SocketException: Connection reset
	at java.base/sun.nio.ch.SocketChannelImpl.throwConnectionReset(SocketChannelImpl.java:401)
	at java.base/sun.nio.ch.SocketChannelImpl.read(SocketChannelImpl.java:434)
	at java.net.http/jdk.internal.net.http.SocketTube.readAvailable(SocketTube.java:1178)
	at java.net.http/jdk.internal.net.http.SocketTube$InternalReadPublisher$InternalReadSubscription.read(SocketTube.java:841)
	at java.net.http/jdk.internal.net.http.SocketTube$SocketFlowTask.run(SocketTube.java:181)
	at java.net.http/jdk.internal.net.http.common.SequentialScheduler$SchedulableTask.run(SequentialScheduler.java:207)
	at java.net.http/jdk.internal.net.http.common.SequentialScheduler.runOrSchedule(SequentialScheduler.java:280)
	at java.net.http/jdk.internal.net.http.common.SequentialScheduler.runOrSchedule(SequentialScheduler.java:233)
	at java.net.http/jdk.internal.net.http.SocketTube$InternalReadPublisher$InternalReadSubscription.signalReadable(SocketTube.java:782)
	at java.net.http/jdk.internal.net.http.SocketTube$InternalReadPublisher$ReadEvent.signalEvent(SocketTube.java:965)
	at java.net.http/jdk.internal.net.http.SocketTube$SocketFlowEvent.handle(SocketTube.java:253)
	at java.net.http/jdk.internal.net.http.HttpClientImpl$SelectorManager.handleEvent(HttpClientImpl.java:1467)
	at java.net.http/jdk.internal.net.http.HttpClientImpl$SelectorManager.lambda$run$3(HttpClientImpl.java:1412)
	at java.base/java.util.ArrayList.forEach(ArrayList.java:1596)
	at java.net.http/jdk.internal.net.http.HttpClientImpl$SelectorManager.run(HttpClientImpl.java:1412)

]]></system-err>
  </testcase>
</testsuite>